Arguments: 
  /Users/biancajemsten/.nvm/versions/node/v9.4.0/bin/node /usr/local/Cellar/yarn/1.7.0/libexec/bin/yarn.js

PATH: 
  /Users/biancajemsten/.nvm/versions/node/v9.4.0/bin:/Users/biancajemsten/bin:/usr/local/bin:/usr/local/bin:/usr/bin:/bin:/usr/sbin:/sbin

Yarn version: 
  1.7.0

Node version: 
  9.4.0

Platform: 
  darwin x64

Trace: 
  SyntaxError: /Users/biancajemsten/development/wdi-hackathon/package.json: Unexpected token } in JSON at position 446
      at JSON.parse (<anonymous>)
      at /usr/local/Cellar/yarn/1.7.0/libexec/lib/cli.js:1130:59
      at Generator.next (<anonymous>)
      at step (/usr/local/Cellar/yarn/1.7.0/libexec/lib/cli.js:98:30)
      at /usr/local/Cellar/yarn/1.7.0/libexec/lib/cli.js:109:13
      at <anonymous>

npm manifest: 
  {
    "scripts": {
      "start": "vue-cli-service serve --open",
      "build": "vue-cli-service build",
      "lint": "vue-cli-service lint"
    },
    "dependencies": {
      "vue": "^2.5.16",
      "vue-router": "^3.0.1"
    },
    "devDependencies": {
      "@vue/cli-plugin-babel": "^3.0.0-beta.9",
      "@vue/cli-plugin-eslint": "^3.0.0-beta.9",
      "@vue/cli-service": "^3.0.0-beta.9",
      "eslint-loader": "^2.0.0",
      "vue-template-compiler": "^2.5.13"
    },
  }

yarn manifest: 
  No manifest

Lockfile: 
  # THIS IS AN AUTOGENERATED FILE. DO NOT EDIT THIS FILE DIRECTLY.
  # yarn lockfile v1
  
  
  vue@^2.5.16:
    version "2.5.16"
    resolved "https://registry.yarnpkg.com/vue/-/vue-2.5.16.tgz#07edb75e8412aaeed871ebafa99f4672584a0085"
